Using pre-set license
Built from '2021.3/staging' branch; Version is '2021.3.14f1 (eee1884e7226) revision 15655304'; Using compiler version '192829333'; Build Type 'Release'
OS: 'Windows 10  (10.0.19045) 64bit CoreCountrySpecific' Language: 'zh' Physical Memory: 14204 MB
BatchMode: 1, IsHumanControllingUs: 0, StartBugReporterOnCrash: 0, Is64bit: 1, IsPro: 1

COMMAND LINE ARGUMENTS:
F:\unity\2021.3.14f1\Editor\Unity.exe
-adb2
-batchMode
-noUpm
-name
AssetImportWorker0
-projectPath
F:/unitypro/DreamRoom_Room
-logFile
Logs/AssetImportWorker0.log
-srvPort
62284
Successfully changed project path to: F:/unitypro/DreamRoom_Room
F:/unitypro/DreamRoom_Room
[UnityMemory] Configuration Parameters - Can be set up in boot.config
    "memorysetup-bucket-allocator-granularity=16"
    "memorysetup-bucket-allocator-bucket-count=8"
    "memorysetup-bucket-allocator-block-size=33554432"
    "memorysetup-bucket-allocator-block-count=8"
    "memorysetup-main-allocator-block-size=16777216"
    "memorysetup-thread-allocator-block-size=16777216"
    "memorysetup-gfx-main-allocator-block-size=16777216"
    "memorysetup-gfx-thread-allocator-block-size=16777216"
    "memorysetup-cache-allocator-block-size=4194304"
    "memorysetup-typetree-allocator-block-size=2097152"
    "memorysetup-profiler-bucket-allocator-granularity=16"
    "memorysetup-profiler-bucket-allocator-bucket-count=8"
    "memorysetup-profiler-bucket-allocator-block-size=33554432"
    "memorysetup-profiler-bucket-allocator-block-count=8"
    "memorysetup-profiler-allocator-block-size=16777216"
    "memorysetup-profiler-editor-allocator-block-size=1048576"
    "memorysetup-temp-allocator-size-main=16777216"
    "memorysetup-job-temp-allocator-block-size=2097152"
    "memorysetup-job-temp-allocator-block-size-background=1048576"
    "memorysetup-job-temp-allocator-reduction-small-platforms=262144"
    "memorysetup-temp-allocator-size-background-worker=32768"
    "memorysetup-temp-allocator-size-job-worker=262144"
    "memorysetup-temp-allocator-size-preload-manager=33554432"
    "memorysetup-temp-allocator-size-nav-mesh-worker=65536"
    "memorysetup-temp-allocator-size-audio-worker=65536"
    "memorysetup-temp-allocator-size-cloud-worker=32768"
    "memorysetup-temp-allocator-size-gi-baking-worker=262144"
    "memorysetup-temp-allocator-size-gfx=262144"
Refreshing native plugins compatible for Editor in 67.24 ms, found 3 plugins.
Preloading 0 native plugins for Editor in 0.00 ms.
Initialize engine version: 2021.3.14f1 (eee1884e7226)
[Subsystems] Discovering subsystems at path F:/unity/2021.3.14f1/Editor/Data/Resources/UnitySubsystems
[Subsystems] Discovering subsystems at path F:/unitypro/DreamRoom_Room/Assets
GfxDevice: creating device client; threaded=0; jobified=0
Direct3D:
    Version:  Direct3D 11.0 [level 11.1]
    Renderer: NVIDIA GeForce RTX 3060 Laptop GPU (ID=0x2560)
    Vendor:   NVIDIA
    VRAM:     6023 MB
    Driver:   30.0.15.1236
Initialize mono
Mono path[0] = 'F:/unity/2021.3.14f1/Editor/Data/Managed'
Mono path[1] = 'F:/unity/2021.3.14f1/Editor/Data/MonoBleedingEdge/lib/mono/unityjit-win32'
Mono config path = 'F:/unity/2021.3.14f1/Editor/Data/MonoBleedingEdge/etc'
Using monoOptions --debugger-agent=transport=dt_socket,embedding=1,server=y,suspend=n,address=127.0.0.1:56220
Begin MonoManager ReloadAssembly
Registering precompiled unity dll's ...
Register platform support module: F:/unity/2021.3.14f1/Editor/Data/PlaybackEngines/WebGLSupport/UnityEditor.WebGL.Extensions.dll
Register platform support module: F:/unity/2021.3.14f1/Editor/Data/PlaybackEngines/WindowsStandaloneSupport/UnityEditor.WindowsStandalone.Extensions.dll
Registered in 0.002953 seconds.
Native extension for WindowsStandalone target not found
Native extension for WebGL target not found
Refreshing native plugins compatible for Editor in 64.74 ms, found 3 plugins.
Preloading 0 native plugins for Editor in 0.00 ms.
Mono: successfully reloaded assembly
- Completed reload, in  0.537 seconds
Domain Reload Profiling:
	ReloadAssembly (537ms)
		BeginReloadAssembly (96ms)
			ExecutionOrderSort (0ms)
			DisableScriptedObjects (0ms)
			BackupInstance (0ms)
			ReleaseScriptingObjects (0ms)
			CreateAndSetChildDomain (1ms)
		EndReloadAssembly (358ms)
			LoadAssemblies (97ms)
			RebuildTransferFunctionScriptingTraits (0ms)
			SetupTypeCache (80ms)
			ReleaseScriptCaches (0ms)
			RebuildScriptCaches (20ms)
			SetupLoadedEditorAssemblies (214ms)
				LogAssemblyErrors (0ms)
				InitializePlatformSupportModulesInManaged (7ms)
				SetLoadedEditorAssemblies (0ms)
				RefreshPlugins (65ms)
				BeforeProcessingInitializeOnLoad (1ms)
				ProcessInitializeOnLoadAttributes (101ms)
				ProcessInitializeOnLoadMethodAttributes (40ms)
				AfterProcessingInitializeOnLoad (0ms)
				EditorAssembliesLoaded (0ms)
			ExecutionOrderSort2 (0ms)
			AwakeInstancesAfterBackupRestoration (0ms)
Platform modules already initialized, skipping
Registering precompiled user dll's ...
Registered in 0.006797 seconds.
Begin MonoManager ReloadAssembly
Symbol file LoadedFromMemory doesn't match image F:\unitypro\DreamRoom_Room\Library\PackageCache\com.unity.visualscripting@1.7.8\Editor\VisualScripting.Core\Dependencies\YamlDotNet\Unity.VisualScripting.YamlDotNet.dll
Symbol file LoadedFromMemory doesn't match image F:\unitypro\DreamRoom_Room\Library\PackageCache\com.unity.visualscripting@1.7.8\Editor\VisualScripting.Core\Dependencies\DotNetZip\Unity.VisualScripting.IonicZip.dll
Native extension for WindowsStandalone target not found
Native extension for WebGL target not found
Refreshing native plugins compatible for Editor in 0.53 ms, found 3 plugins.
Preloading 0 native plugins for Editor in 0.00 ms.
Mono: successfully reloaded assembly
- Completed reload, in  0.851 seconds
Domain Reload Profiling:
	ReloadAssembly (852ms)
		BeginReloadAssembly (129ms)
			ExecutionOrderSort (0ms)
			DisableScriptedObjects (5ms)
			BackupInstance (0ms)
			ReleaseScriptingObjects (0ms)
			CreateAndSetChildDomain (18ms)
		EndReloadAssembly (632ms)
			LoadAssemblies (118ms)
			RebuildTransferFunctionScriptingTraits (0ms)
			SetupTypeCache (210ms)
			ReleaseScriptCaches (1ms)
			RebuildScriptCaches (38ms)
			SetupLoadedEditorAssemblies (274ms)
				LogAssemblyErrors (0ms)
				InitializePlatformSupportModulesInManaged (4ms)
				SetLoadedEditorAssemblies (0ms)
				RefreshPlugins (1ms)
				BeforeProcessingInitializeOnLoad (64ms)
				ProcessInitializeOnLoadAttributes (182ms)
				ProcessInitializeOnLoadMethodAttributes (20ms)
				AfterProcessingInitializeOnLoad (3ms)
				EditorAssembliesLoaded (0ms)
			ExecutionOrderSort2 (0ms)
			AwakeInstancesAfterBackupRestoration (8ms)
Platform modules already initialized, skipping
========================================================================
Worker process is ready to serve import requests
Launched and connected shader compiler UnityShaderCompiler.exe after 0.06 seconds
Refreshing native plugins compatible for Editor in 0.63 ms, found 3 plugins.
Preloading 0 native plugins for Editor in 0.00 ms.
Unloading 3370 Unused Serialized files (Serialized files now loaded: 0)
Unloading 27 unused Assets / (113.6 KB). Loaded Objects now: 3828.
Memory consumption went from 116.9 MB to 116.8 MB.
Total: 2.913000 ms (FindLiveObjects: 0.230300 ms CreateObjectMapping: 0.218100 ms MarkObjects: 2.371600 ms  DeleteObjects: 0.092000 ms)

AssetImportParameters requested are different than current active one (requested -> active):
  custom:video-decoder-ogg-theora: a1e56fd34408186e4bbccfd4996cb3dc -> 
  custom:container-muxer-webm: aa71ff27fc2769a1b78a27578f13a17b -> 
  custom:container-demuxer-webm: 4f35f7cbe854078d1ac9338744f61a02 -> 
  custom:video-encoder-webm-vp8: eb34c28f22e8b96e1ab97ce403110664 -> 
  custom:video-codec-MediaFoundation-h265: 746d11721c4dcdbdad8f713fa42b33f4 -> 
  custom:audio-encoder-webm-vorbis: bf7c407c2cedff20999df2af8eb42d56 -> 
  custom:framework-win-MediaFoundation: 216162199b28c13a410421893ffa2e32 -> 
  custom:container-demuxer-ogg: 62fdf1f143b41e24485cea50d1cbac27 -> 
  custom:video-decoder-webm-vp8: 9c59270c3fd7afecdb556c50c9e8de78 -> 
  custom:audio-decoder-ogg-vorbis: bf7c407c2cedff20999df2af8eb42d56 -> 
========================================================================
Received Import Request.
  Time since last request: 24700.156631 seconds.
  path: Assets/DreamRoom_Room/prefabs/Cube.prefab
  artifactKey: Guid(33b06b862a68ac54ba08eabb296db6bd) Importer(815301076,1909f56bfc062723c751e8b465ee728b)
Start importing Assets/DreamRoom_Room/prefabs/Cube.prefab using Guid(33b06b862a68ac54ba08eabb296db6bd) Importer(815301076,1909f56bfc062723c751e8b465ee728b)  -> (artifact id: 'e671d58e7c05e0b886cf7b7c7e333ff3') in 0.096221 seconds 
========================================================================
Received Import Request.
  Time since last request: 8.917416 seconds.
  path: Assets/DreamRoom_Room/material
  artifactKey: Guid(a4a82d75ad708454a897b4c29be454a3) Importer(815301076,1909f56bfc062723c751e8b465ee728b)
Start importing Assets/DreamRoom_Room/material using Guid(a4a82d75ad708454a897b4c29be454a3) Importer(815301076,1909f56bfc062723c751e8b465ee728b)  -> (artifact id: '5b1ca3b216ab6715d29e69b0a0e1512f') in 0.001951 seconds 
========================================================================
Received Import Request.
  Time since last request: 0.027128 seconds.
  path: Assets/DreamRoom_Room/material/M_Tileable_Cube.mat
  artifactKey: Guid(a8b03447fd915f544a1e5d36f740aa0f) Importer(815301076,1909f56bfc062723c751e8b465ee728b)
Start importing Assets/DreamRoom_Room/material/M_Tileable_Cube.mat using Guid(a8b03447fd915f544a1e5d36f740aa0f) Importer(815301076,1909f56bfc062723c751e8b465ee728b)  -> (artifact id: 'f8521b5ecbc55bcb7ff35777e4c0f6f5') in 0.025099 seconds 
========================================================================
Received Import Request.
  Time since last request: 10.948258 seconds.
  path: Assets/Scenes
  artifactKey: Guid(6ea315d0fd7389c41b19996891e99ae3) Importer(815301076,1909f56bfc062723c751e8b465ee728b)
Start importing Assets/Scenes using Guid(6ea315d0fd7389c41b19996891e99ae3) Importer(815301076,1909f56bfc062723c751e8b465ee728b)  -> (artifact id: 'bc172811d573b296104adb4d2728db37') in 0.001762 seconds 
========================================================================
Received Import Request.
  Time since last request: 1.633900 seconds.
  path: Assets/Scenes/Dream.unity
  artifactKey: Guid(88dfd75e9bc4f3a4ba9532c91d2e47ec) Importer(815301076,1909f56bfc062723c751e8b465ee728b)
Start importing Assets/Scenes/Dream.unity using Guid(88dfd75e9bc4f3a4ba9532c91d2e47ec) Importer(815301076,1909f56bfc062723c751e8b465ee728b)  -> (artifact id: 'cac7d417b06cd243124ce9237b023551') in 0.001795 seconds 
========================================================================
Received Import Request.
  Time since last request: 17.122123 seconds.
  path: Assets/DreamRoom_Room
  artifactKey: Guid(63542c2ef2f0bf949bda48bb0a4e4a6a) Importer(815301076,1909f56bfc062723c751e8b465ee728b)
Start importing Assets/DreamRoom_Room using Guid(63542c2ef2f0bf949bda48bb0a4e4a6a) Importer(815301076,1909f56bfc062723c751e8b465ee728b)  -> (artifact id: '18d7ec497072362c2fe93be569b8799d') in 0.001843 seconds 
========================================================================
Received Import Request.
  Time since last request: 0.570957 seconds.
  path: Assets/DreamRoom_Room/prefabs
  artifactKey: Guid(5c28e6ee450b5a646b7bcca3b50daf4d) Importer(815301076,1909f56bfc062723c751e8b465ee728b)
Start importing Assets/DreamRoom_Room/prefabs using Guid(5c28e6ee450b5a646b7bcca3b50daf4d) Importer(815301076,1909f56bfc062723c751e8b465ee728b)  -> (artifact id: '47f50a63120f61bbd1a915ece9acb5ac') in 0.001702 seconds 
========================================================================
Received Prepare
Registering precompiled user dll's ...
Registered in 0.006980 seconds.
Begin MonoManager ReloadAssembly
Symbol file LoadedFromMemory doesn't match image F:\unitypro\DreamRoom_Room\Library\PackageCache\com.unity.visualscripting@1.7.8\Editor\VisualScripting.Core\Dependencies\YamlDotNet\Unity.VisualScripting.YamlDotNet.dll
Symbol file LoadedFromMemory doesn't match image F:\unitypro\DreamRoom_Room\Library\PackageCache\com.unity.visualscripting@1.7.8\Editor\VisualScripting.Core\Dependencies\DotNetZip\Unity.VisualScripting.IonicZip.dll
Native extension for WindowsStandalone target not found
Native extension for WebGL target not found
Refreshing native plugins compatible for Editor in 0.67 ms, found 3 plugins.
Preloading 0 native plugins for Editor in 0.00 ms.
Mono: successfully reloaded assembly
- Completed reload, in  0.892 seconds
Domain Reload Profiling:
	ReloadAssembly (892ms)
		BeginReloadAssembly (152ms)
			ExecutionOrderSort (0ms)
			DisableScriptedObjects (4ms)
			BackupInstance (0ms)
			ReleaseScriptingObjects (0ms)
			CreateAndSetChildDomain (34ms)
		EndReloadAssembly (659ms)
			LoadAssemblies (121ms)
			RebuildTransferFunctionScriptingTraits (0ms)
			SetupTypeCache (226ms)
			ReleaseScriptCaches (1ms)
			RebuildScriptCaches (33ms)
			SetupLoadedEditorAssemblies (276ms)
				LogAssemblyErrors (0ms)
				InitializePlatformSupportModulesInManaged (13ms)
				SetLoadedEditorAssemblies (1ms)
				RefreshPlugins (1ms)
				BeforeProcessingInitializeOnLoad (53ms)
				ProcessInitializeOnLoadAttributes (185ms)
				ProcessInitializeOnLoadMethodAttributes (21ms)
				AfterProcessingInitializeOnLoad (3ms)
				EditorAssembliesLoaded (0ms)
			ExecutionOrderSort2 (0ms)
			AwakeInstancesAfterBackupRestoration (9ms)
Platform modules already initialized, skipping
Refreshing native plugins compatible for Editor in 1.94 ms, found 3 plugins.
Preloading 0 native plugins for Editor in 0.00 ms.
Unloading 3362 Unused Serialized files (Serialized files now loaded: 0)
Unloading 20 unused Assets / (80.2 KB). Loaded Objects now: 3873.
Memory consumption went from 121.2 MB to 121.2 MB.
Total: 2.799300 ms (FindLiveObjects: 0.248600 ms CreateObjectMapping: 0.089100 ms MarkObjects: 2.378600 ms  DeleteObjects: 0.082100 ms)

AssetImportParameters requested are different than current active one (requested -> active):
  custom:video-decoder-ogg-theora: a1e56fd34408186e4bbccfd4996cb3dc -> 
  custom:container-muxer-webm: aa71ff27fc2769a1b78a27578f13a17b -> 
  custom:container-demuxer-webm: 4f35f7cbe854078d1ac9338744f61a02 -> 
  custom:video-encoder-webm-vp8: eb34c28f22e8b96e1ab97ce403110664 -> 
  custom:video-codec-MediaFoundation-h265: 746d11721c4dcdbdad8f713fa42b33f4 -> 
  custom:audio-encoder-webm-vorbis: bf7c407c2cedff20999df2af8eb42d56 -> 
  custom:framework-win-MediaFoundation: 216162199b28c13a410421893ffa2e32 -> 
  custom:container-demuxer-ogg: 62fdf1f143b41e24485cea50d1cbac27 -> 
  custom:video-decoder-webm-vp8: 9c59270c3fd7afecdb556c50c9e8de78 -> 
  custom:audio-decoder-ogg-vorbis: bf7c407c2cedff20999df2af8eb42d56 -> 
========================================================================
Received Import Request.
  Time since last request: 99.049720 seconds.
  path: Assets/DreamRoom_Room/scene
  artifactKey: Guid(91ce4f92e8807a94abc88b649ecc2708) Importer(815301076,1909f56bfc062723c751e8b465ee728b)
Start importing Assets/DreamRoom_Room/scene using Guid(91ce4f92e8807a94abc88b649ecc2708) Importer(815301076,1909f56bfc062723c751e8b465ee728b)  -> (artifact id: 'f2f92dad9a4cf5929720205bdc404db8') in 0.007233 seconds 
========================================================================
Received Import Request.
  Time since last request: 0.430834 seconds.
  path: Assets/DreamRoom_Room/scene/Room.unity
  artifactKey: Guid(4d0c0e8728c75504b95e2639b56f52a5) Importer(815301076,1909f56bfc062723c751e8b465ee728b)
Start importing Assets/DreamRoom_Room/scene/Room.unity using Guid(4d0c0e8728c75504b95e2639b56f52a5) Importer(815301076,1909f56bfc062723c751e8b465ee728b)  -> (artifact id: '3b8306e123bb8414fe2f180f61a63012') in 0.002078 seconds 
========================================================================
Received Import Request.
  Time since last request: 15.735444 seconds.
  path: Assets/Models
  artifactKey: Guid(d139c137588557c469a82ce458f3d403) Importer(815301076,1909f56bfc062723c751e8b465ee728b)
Start importing Assets/Models using Guid(d139c137588557c469a82ce458f3d403) Importer(815301076,1909f56bfc062723c751e8b465ee728b)  -> (artifact id: '700ef921b66e66a852ca40cde76eb830') in 0.002443 seconds 
========================================================================
Received Import Request.
  Time since last request: 0.048595 seconds.
  path: Assets/Models/Simple Portal.fbx
  artifactKey: Guid(f41802e248f2e42178e949a42908c5b4) Importer(815301076,1909f56bfc062723c751e8b465ee728b)
Start importing Assets/Models/Simple Portal.fbx using Guid(f41802e248f2e42178e949a42908c5b4) Importer(815301076,1909f56bfc062723c751e8b465ee728b)  -> (artifact id: 'cab2ac0169af46e12eb44cbd2489e8b3') in 0.094834 seconds 
========================================================================
Received Import Request.
  Time since last request: 105.445569 seconds.
  path: Assets/DreamRoom_Room/script
  artifactKey: Guid(24418c05294c4964bbded4caefb8197e) Importer(815301076,1909f56bfc062723c751e8b465ee728b)
Start importing Assets/DreamRoom_Room/script using Guid(24418c05294c4964bbded4caefb8197e) Importer(815301076,1909f56bfc062723c751e8b465ee728b)  -> (artifact id: '24f194459dbf22a28d5439953c51469b') in 0.001785 seconds 
========================================================================
Received Import Request.
  Time since last request: 4.294598 seconds.
  path: Assets/DreamRoom_Room/script/CursorSelect.cs
  artifactKey: Guid(67d853a64df3b1949b43b9ff7a356195) Importer(815301076,1909f56bfc062723c751e8b465ee728b)
Start importing Assets/DreamRoom_Room/script/CursorSelect.cs using Guid(67d853a64df3b1949b43b9ff7a356195) Importer(815301076,1909f56bfc062723c751e8b465ee728b)  -> (artifact id: '4c9f989656d8121a3657a2187cb28e63') in 0.006056 seconds 
========================================================================
Received Prepare
Registering precompiled user dll's ...
Registered in 0.006271 seconds.
Begin MonoManager ReloadAssembly
Symbol file LoadedFromMemory doesn't match image F:\unitypro\DreamRoom_Room\Library\PackageCache\com.unity.visualscripting@1.7.8\Editor\VisualScripting.Core\Dependencies\YamlDotNet\Unity.VisualScripting.YamlDotNet.dll
Symbol file LoadedFromMemory doesn't match image F:\unitypro\DreamRoom_Room\Library\PackageCache\com.unity.visualscripting@1.7.8\Editor\VisualScripting.Core\Dependencies\DotNetZip\Unity.VisualScripting.IonicZip.dll
Native extension for WindowsStandalone target not found
Native extension for WebGL target not found
Refreshing native plugins compatible for Editor in 0.62 ms, found 3 plugins.
Preloading 0 native plugins for Editor in 0.00 ms.
Mono: successfully reloaded assembly
- Completed reload, in  0.844 seconds
Domain Reload Profiling:
	ReloadAssembly (845ms)
		BeginReloadAssembly (155ms)
			ExecutionOrderSort (0ms)
			DisableScriptedObjects (4ms)
			BackupInstance (0ms)
			ReleaseScriptingObjects (0ms)
			CreateAndSetChildDomain (37ms)
		EndReloadAssembly (615ms)
			LoadAssemblies (118ms)
			RebuildTransferFunctionScriptingTraits (0ms)
			SetupTypeCache (208ms)
			ReleaseScriptCaches (1ms)
			RebuildScriptCaches (35ms)
			SetupLoadedEditorAssemblies (255ms)
				LogAssemblyErrors (0ms)
				InitializePlatformSupportModulesInManaged (12ms)
				SetLoadedEditorAssemblies (0ms)
				RefreshPlugins (1ms)
				BeforeProcessingInitializeOnLoad (51ms)
				ProcessInitializeOnLoadAttributes (169ms)
				ProcessInitializeOnLoadMethodAttributes (20ms)
				AfterProcessingInitializeOnLoad (3ms)
				EditorAssembliesLoaded (0ms)
			ExecutionOrderSort2 (0ms)
			AwakeInstancesAfterBackupRestoration (9ms)
Platform modules already initialized, skipping
Refreshing native plugins compatible for Editor in 1.71 ms, found 3 plugins.
Preloading 0 native plugins for Editor in 0.00 ms.
Unloading 3362 Unused Serialized files (Serialized files now loaded: 0)
Unloading 20 unused Assets / (80.3 KB). Loaded Objects now: 3879.
Memory consumption went from 121.4 MB to 121.3 MB.
Total: 2.407500 ms (FindLiveObjects: 0.212300 ms CreateObjectMapping: 0.079600 ms MarkObjects: 2.041500 ms  DeleteObjects: 0.073500 ms)

AssetImportParameters requested are different than current active one (requested -> active):
  custom:video-decoder-ogg-theora: a1e56fd34408186e4bbccfd4996cb3dc -> 
  custom:container-muxer-webm: aa71ff27fc2769a1b78a27578f13a17b -> 
  custom:container-demuxer-webm: 4f35f7cbe854078d1ac9338744f61a02 -> 
  custom:video-encoder-webm-vp8: eb34c28f22e8b96e1ab97ce403110664 -> 
  custom:video-codec-MediaFoundation-h265: 746d11721c4dcdbdad8f713fa42b33f4 -> 
  custom:audio-encoder-webm-vorbis: bf7c407c2cedff20999df2af8eb42d56 -> 
  custom:framework-win-MediaFoundation: 216162199b28c13a410421893ffa2e32 -> 
  custom:container-demuxer-ogg: 62fdf1f143b41e24485cea50d1cbac27 -> 
  custom:video-decoder-webm-vp8: 9c59270c3fd7afecdb556c50c9e8de78 -> 
  custom:audio-decoder-ogg-vorbis: bf7c407c2cedff20999df2af8eb42d56 -> 
========================================================================
Received Prepare
Registering precompiled user dll's ...
Registered in 0.007283 seconds.
Begin MonoManager ReloadAssembly
Symbol file LoadedFromMemory doesn't match image F:\unitypro\DreamRoom_Room\Library\PackageCache\com.unity.visualscripting@1.7.8\Editor\VisualScripting.Core\Dependencies\YamlDotNet\Unity.VisualScripting.YamlDotNet.dll
Symbol file LoadedFromMemory doesn't match image F:\unitypro\DreamRoom_Room\Library\PackageCache\com.unity.visualscripting@1.7.8\Editor\VisualScripting.Core\Dependencies\DotNetZip\Unity.VisualScripting.IonicZip.dll
Native extension for WindowsStandalone target not found
Native extension for WebGL target not found
Refreshing native plugins compatible for Editor in 0.62 ms, found 3 plugins.
Preloading 0 native plugins for Editor in 0.00 ms.
Mono: successfully reloaded assembly
- Completed reload, in  0.858 seconds
Domain Reload Profiling:
	ReloadAssembly (859ms)
		BeginReloadAssembly (151ms)
			ExecutionOrderSort (0ms)
			DisableScriptedObjects (5ms)
			BackupInstance (0ms)
			ReleaseScriptingObjects (0ms)
			CreateAndSetChildDomain (33ms)
		EndReloadAssembly (634ms)
			LoadAssemblies (121ms)
			RebuildTransferFunctionScriptingTraits (0ms)
			SetupTypeCache (217ms)
			ReleaseScriptCaches (2ms)
			RebuildScriptCaches (31ms)
			SetupLoadedEditorAssemblies (263ms)
				LogAssemblyErrors (0ms)
				InitializePlatformSupportModulesInManaged (12ms)
				SetLoadedEditorAssemblies (0ms)
				RefreshPlugins (1ms)
				BeforeProcessingInitializeOnLoad (51ms)
				ProcessInitializeOnLoadAttributes (171ms)
				ProcessInitializeOnLoadMethodAttributes (25ms)
				AfterProcessingInitializeOnLoad (3ms)
				EditorAssembliesLoaded (0ms)
			ExecutionOrderSort2 (0ms)
			AwakeInstancesAfterBackupRestoration (10ms)
Platform modules already initialized, skipping
Refreshing native plugins compatible for Editor in 2.61 ms, found 3 plugins.
Preloading 0 native plugins for Editor in 0.00 ms.
Unloading 3362 Unused Serialized files (Serialized files now loaded: 0)
Unloading 20 unused Assets / (80.1 KB). Loaded Objects now: 3882.
Memory consumption went from 121.4 MB to 121.3 MB.
Total: 2.575000 ms (FindLiveObjects: 0.216800 ms CreateObjectMapping: 0.081700 ms MarkObjects: 2.199800 ms  DeleteObjects: 0.076100 ms)

AssetImportParameters requested are different than current active one (requested -> active):
  custom:video-decoder-ogg-theora: a1e56fd34408186e4bbccfd4996cb3dc -> 
  custom:container-muxer-webm: aa71ff27fc2769a1b78a27578f13a17b -> 
  custom:container-demuxer-webm: 4f35f7cbe854078d1ac9338744f61a02 -> 
  custom:video-encoder-webm-vp8: eb34c28f22e8b96e1ab97ce403110664 -> 
  custom:video-codec-MediaFoundation-h265: 746d11721c4dcdbdad8f713fa42b33f4 -> 
  custom:audio-encoder-webm-vorbis: bf7c407c2cedff20999df2af8eb42d56 -> 
  custom:framework-win-MediaFoundation: 216162199b28c13a410421893ffa2e32 -> 
  custom:container-demuxer-ogg: 62fdf1f143b41e24485cea50d1cbac27 -> 
  custom:video-decoder-webm-vp8: 9c59270c3fd7afecdb556c50c9e8de78 -> 
  custom:audio-decoder-ogg-vorbis: bf7c407c2cedff20999df2af8eb42d56 -> 
========================================================================
Received Prepare
Registering precompiled user dll's ...
Registered in 0.007071 seconds.
Begin MonoManager ReloadAssembly
Symbol file LoadedFromMemory doesn't match image F:\unitypro\DreamRoom_Room\Library\PackageCache\com.unity.visualscripting@1.7.8\Editor\VisualScripting.Core\Dependencies\YamlDotNet\Unity.VisualScripting.YamlDotNet.dll
Symbol file LoadedFromMemory doesn't match image F:\unitypro\DreamRoom_Room\Library\PackageCache\com.unity.visualscripting@1.7.8\Editor\VisualScripting.Core\Dependencies\DotNetZip\Unity.VisualScripting.IonicZip.dll
Native extension for WindowsStandalone target not found
Native extension for WebGL target not found
Refreshing native plugins compatible for Editor in 0.69 ms, found 3 plugins.
Preloading 0 native plugins for Editor in 0.00 ms.
Mono: successfully reloaded assembly
- Completed reload, in  0.873 seconds
Domain Reload Profiling:
	ReloadAssembly (874ms)
		BeginReloadAssembly (148ms)
			ExecutionOrderSort (0ms)
			DisableScriptedObjects (4ms)
			BackupInstance (0ms)
			ReleaseScriptingObjects (0ms)
			CreateAndSetChildDomain (31ms)
		EndReloadAssembly (652ms)
			LoadAssemblies (120ms)
			RebuildTransferFunctionScriptingTraits (0ms)
			SetupTypeCache (212ms)
			ReleaseScriptCaches (1ms)
			RebuildScriptCaches (35ms)
			SetupLoadedEditorAssemblies (280ms)
				LogAssemblyErrors (0ms)
				InitializePlatformSupportModulesInManaged (13ms)
				SetLoadedEditorAssemblies (0ms)
				RefreshPlugins (1ms)
				BeforeProcessingInitializeOnLoad (55ms)
				ProcessInitializeOnLoadAttributes (185ms)
				ProcessInitializeOnLoadMethodAttributes (23ms)
				AfterProcessingInitializeOnLoad (3ms)
				EditorAssembliesLoaded (0ms)
			ExecutionOrderSort2 (0ms)
			AwakeInstancesAfterBackupRestoration (10ms)
Platform modules already initialized, skipping
Refreshing native plugins compatible for Editor in 1.86 ms, found 3 plugins.
Preloading 0 native plugins for Editor in 0.00 ms.
Unloading 3362 Unused Serialized files (Serialized files now loaded: 0)
Unloading 20 unused Assets / (80.3 KB). Loaded Objects now: 3885.
Memory consumption went from 121.4 MB to 121.3 MB.
Total: 2.645200 ms (FindLiveObjects: 0.224200 ms CreateObjectMapping: 0.080700 ms MarkObjects: 2.237100 ms  DeleteObjects: 0.102000 ms)

AssetImportParameters requested are different than current active one (requested -> active):
  custom:video-decoder-ogg-theora: a1e56fd34408186e4bbccfd4996cb3dc -> 
  custom:container-muxer-webm: aa71ff27fc2769a1b78a27578f13a17b -> 
  custom:container-demuxer-webm: 4f35f7cbe854078d1ac9338744f61a02 -> 
  custom:video-encoder-webm-vp8: eb34c28f22e8b96e1ab97ce403110664 -> 
  custom:video-codec-MediaFoundation-h265: 746d11721c4dcdbdad8f713fa42b33f4 -> 
  custom:audio-encoder-webm-vorbis: bf7c407c2cedff20999df2af8eb42d56 -> 
  custom:framework-win-MediaFoundation: 216162199b28c13a410421893ffa2e32 -> 
  custom:container-demuxer-ogg: 62fdf1f143b41e24485cea50d1cbac27 -> 
  custom:video-decoder-webm-vp8: 9c59270c3fd7afecdb556c50c9e8de78 -> 
  custom:audio-decoder-ogg-vorbis: bf7c407c2cedff20999df2af8eb42d56 -> 
========================================================================
Received Import Request.
  Time since last request: 219.270191 seconds.
  path: Assets/DreamRoom_Room/prefabs/ThereView.prefab
  artifactKey: Guid(41801816ca2f4d6418fbd1e277eb578e) Importer(815301076,1909f56bfc062723c751e8b465ee728b)
Start importing Assets/DreamRoom_Room/prefabs/ThereView.prefab using Guid(41801816ca2f4d6418fbd1e277eb578e) Importer(815301076,1909f56bfc062723c751e8b465ee728b)  -> (artifact id: 'cb4c708e3c3b1f247a44e412b0a6309f') in 0.066440 seconds 
========================================================================
Received Prepare
Registering precompiled user dll's ...
Registered in 0.006651 seconds.
Begin MonoManager ReloadAssembly
Symbol file LoadedFromMemory doesn't match image F:\unitypro\DreamRoom_Room\Library\PackageCache\com.unity.visualscripting@1.7.8\Editor\VisualScripting.Core\Dependencies\YamlDotNet\Unity.VisualScripting.YamlDotNet.dll
Symbol file LoadedFromMemory doesn't match image F:\unitypro\DreamRoom_Room\Library\PackageCache\com.unity.visualscripting@1.7.8\Editor\VisualScripting.Core\Dependencies\DotNetZip\Unity.VisualScripting.IonicZip.dll
Native extension for WindowsStandalone target not found
Native extension for WebGL target not found
Refreshing native plugins compatible for Editor in 0.49 ms, found 3 plugins.
Preloading 0 native plugins for Editor in 0.00 ms.
Mono: successfully reloaded assembly
- Completed reload, in  0.841 seconds
Domain Reload Profiling:
	ReloadAssembly (841ms)
		BeginReloadAssembly (146ms)
			ExecutionOrderSort (0ms)
			DisableScriptedObjects (4ms)
			BackupInstance (0ms)
			ReleaseScriptingObjects (0ms)
			CreateAndSetChildDomain (32ms)
		EndReloadAssembly (616ms)
			LoadAssemblies (118ms)
			RebuildTransferFunctionScriptingTraits (0ms)
			SetupTypeCache (215ms)
			ReleaseScriptCaches (1ms)
			RebuildScriptCaches (30ms)
			SetupLoadedEditorAssemblies (245ms)
				LogAssemblyErrors (0ms)
				InitializePlatformSupportModulesInManaged (11ms)
				SetLoadedEditorAssemblies (0ms)
				RefreshPlugins (1ms)
				BeforeProcessingInitializeOnLoad (48ms)
				ProcessInitializeOnLoadAttributes (162ms)
				ProcessInitializeOnLoadMethodAttributes (20ms)
				AfterProcessingInitializeOnLoad (3ms)
				EditorAssembliesLoaded (0ms)
			ExecutionOrderSort2 (0ms)
			AwakeInstancesAfterBackupRestoration (8ms)
Platform modules already initialized, skipping
Refreshing native plugins compatible for Editor in 2.62 ms, found 3 plugins.
Preloading 0 native plugins for Editor in 0.00 ms.
Unloading 3362 Unused Serialized files (Serialized files now loaded: 0)
Unloading 20 unused Assets / (80.3 KB). Loaded Objects now: 3890.
Memory consumption went from 121.3 MB to 121.3 MB.
Total: 2.467500 ms (FindLiveObjects: 0.205700 ms CreateObjectMapping: 0.073100 ms MarkObjects: 2.106100 ms  DeleteObjects: 0.081400 ms)

AssetImportParameters requested are different than current active one (requested -> active):
  custom:video-decoder-ogg-theora: a1e56fd34408186e4bbccfd4996cb3dc -> 
  custom:container-muxer-webm: aa71ff27fc2769a1b78a27578f13a17b -> 
  custom:container-demuxer-webm: 4f35f7cbe854078d1ac9338744f61a02 -> 
  custom:video-encoder-webm-vp8: eb34c28f22e8b96e1ab97ce403110664 -> 
  custom:video-codec-MediaFoundation-h265: 746d11721c4dcdbdad8f713fa42b33f4 -> 
  custom:audio-encoder-webm-vorbis: bf7c407c2cedff20999df2af8eb42d56 -> 
  custom:framework-win-MediaFoundation: 216162199b28c13a410421893ffa2e32 -> 
  custom:container-demuxer-ogg: 62fdf1f143b41e24485cea50d1cbac27 -> 
  custom:video-decoder-webm-vp8: 9c59270c3fd7afecdb556c50c9e8de78 -> 
  custom:audio-decoder-ogg-vorbis: bf7c407c2cedff20999df2af8eb42d56 -> 
========================================================================
Received Prepare
Registering precompiled user dll's ...
Registered in 0.006863 seconds.
Begin MonoManager ReloadAssembly
Symbol file LoadedFromMemory doesn't match image F:\unitypro\DreamRoom_Room\Library\PackageCache\com.unity.visualscripting@1.7.8\Editor\VisualScripting.Core\Dependencies\YamlDotNet\Unity.VisualScripting.YamlDotNet.dll
Symbol file LoadedFromMemory doesn't match image F:\unitypro\DreamRoom_Room\Library\PackageCache\com.unity.visualscripting@1.7.8\Editor\VisualScripting.Core\Dependencies\DotNetZip\Unity.VisualScripting.IonicZip.dll
Native extension for WindowsStandalone target not found
Native extension for WebGL target not found
Refreshing native plugins compatible for Editor in 0.63 ms, found 3 plugins.
Preloading 0 native plugins for Editor in 0.00 ms.
Mono: successfully reloaded assembly
- Completed reload, in  0.901 seconds
Domain Reload Profiling:
	ReloadAssembly (902ms)
		BeginReloadAssembly (153ms)
			ExecutionOrderSort (0ms)
			DisableScriptedObjects (5ms)
			BackupInstance (0ms)
			ReleaseScriptingObjects (0ms)
			CreateAndSetChildDomain (31ms)
		EndReloadAssembly (666ms)
			LoadAssemblies (125ms)
			RebuildTransferFunctionScriptingTraits (0ms)
			SetupTypeCache (223ms)
			ReleaseScriptCaches (1ms)
			RebuildScriptCaches (36ms)
			SetupLoadedEditorAssemblies (280ms)
				LogAssemblyErrors (0ms)
				InitializePlatformSupportModulesInManaged (14ms)
				SetLoadedEditorAssemblies (0ms)
				RefreshPlugins (1ms)
				BeforeProcessingInitializeOnLoad (55ms)
				ProcessInitializeOnLoadAttributes (184ms)
				ProcessInitializeOnLoadMethodAttributes (22ms)
				AfterProcessingInitializeOnLoad (3ms)
				EditorAssembliesLoaded (0ms)
			ExecutionOrderSort2 (0ms)
			AwakeInstancesAfterBackupRestoration (9ms)
Platform modules already initialized, skipping
Refreshing native plugins compatible for Editor in 1.86 ms, found 3 plugins.
Preloading 0 native plugins for Editor in 0.00 ms.
Unloading 3362 Unused Serialized files (Serialized files now loaded: 0)
Unloading 20 unused Assets / (80.3 KB). Loaded Objects now: 3893.
Memory consumption went from 121.5 MB to 121.4 MB.
Total: 2.868100 ms (FindLiveObjects: 0.219100 ms CreateObjectMapping: 0.153000 ms MarkObjects: 2.406200 ms  DeleteObjects: 0.089000 ms)

AssetImportParameters requested are different than current active one (requested -> active):
  custom:video-decoder-ogg-theora: a1e56fd34408186e4bbccfd4996cb3dc -> 
  custom:container-muxer-webm: aa71ff27fc2769a1b78a27578f13a17b -> 
  custom:container-demuxer-webm: 4f35f7cbe854078d1ac9338744f61a02 -> 
  custom:video-encoder-webm-vp8: eb34c28f22e8b96e1ab97ce403110664 -> 
  custom:video-codec-MediaFoundation-h265: 746d11721c4dcdbdad8f713fa42b33f4 -> 
  custom:audio-encoder-webm-vorbis: bf7c407c2cedff20999df2af8eb42d56 -> 
  custom:framework-win-MediaFoundation: 216162199b28c13a410421893ffa2e32 -> 
  custom:container-demuxer-ogg: 62fdf1f143b41e24485cea50d1cbac27 -> 
  custom:video-decoder-webm-vp8: 9c59270c3fd7afecdb556c50c9e8de78 -> 
  custom:audio-decoder-ogg-vorbis: bf7c407c2cedff20999df2af8eb42d56 -> 
========================================================================
Received Import Request.
  Time since last request: 254.258792 seconds.
  path: Assets/DreamRoom_Room/prefabs/ThereView.prefab
  artifactKey: Guid(41801816ca2f4d6418fbd1e277eb578e) Importer(815301076,1909f56bfc062723c751e8b465ee728b)
Start importing Assets/DreamRoom_Room/prefabs/ThereView.prefab using Guid(41801816ca2f4d6418fbd1e277eb578e) Importer(815301076,1909f56bfc062723c751e8b465ee728b)  -> (artifact id: 'c68ae524ce9b73eeb29d2ccff90a1ba7') in 0.051781 seconds 
========================================================================
Received Import Request.
  Time since last request: 20.967526 seconds.
  path: Assets/DreamRoom_Room/prefabs/ThereView.prefab
  artifactKey: Guid(41801816ca2f4d6418fbd1e277eb578e) Importer(815301076,1909f56bfc062723c751e8b465ee728b)
Start importing Assets/DreamRoom_Room/prefabs/ThereView.prefab using Guid(41801816ca2f4d6418fbd1e277eb578e) Importer(815301076,1909f56bfc062723c751e8b465ee728b)  -> (artifact id: '0b734495f08d5dc6da6d98dab732a310') in 0.009859 seconds 
========================================================================
Received Prepare
Registering precompiled user dll's ...
Registered in 0.006302 seconds.
Begin MonoManager ReloadAssembly
Symbol file LoadedFromMemory doesn't match image F:\unitypro\DreamRoom_Room\Library\PackageCache\com.unity.visualscripting@1.7.8\Editor\VisualScripting.Core\Dependencies\YamlDotNet\Unity.VisualScripting.YamlDotNet.dll
Symbol file LoadedFromMemory doesn't match image F:\unitypro\DreamRoom_Room\Library\PackageCache\com.unity.visualscripting@1.7.8\Editor\VisualScripting.Core\Dependencies\DotNetZip\Unity.VisualScripting.IonicZip.dll
Native extension for WindowsStandalone target not found
Native extension for WebGL target not found
Refreshing native plugins compatible for Editor in 0.53 ms, found 3 plugins.
Preloading 0 native plugins for Editor in 0.00 ms.
Mono: successfully reloaded assembly
- Completed reload, in  0.895 seconds
Domain Reload Profiling:
	ReloadAssembly (896ms)
		BeginReloadAssembly (148ms)
			ExecutionOrderSort (0ms)
			DisableScriptedObjects (4ms)
			BackupInstance (0ms)
			ReleaseScriptingObjects (0ms)
			CreateAndSetChildDomain (32ms)
		EndReloadAssembly (672ms)
			LoadAssemblies (120ms)
			RebuildTransferFunctionScriptingTraits (0ms)
			SetupTypeCache (218ms)
			ReleaseScriptCaches (1ms)
			RebuildScriptCaches (34ms)
			SetupLoadedEditorAssemblies (291ms)
				LogAssemblyErrors (0ms)
				InitializePlatformSupportModulesInManaged (14ms)
				SetLoadedEditorAssemblies (0ms)
				RefreshPlugins (1ms)
				BeforeProcessingInitializeOnLoad (53ms)
				ProcessInitializeOnLoadAttributes (196ms)
				ProcessInitializeOnLoadMethodAttributes (23ms)
				AfterProcessingInitializeOnLoad (3ms)
				EditorAssembliesLoaded (0ms)
			ExecutionOrderSort2 (0ms)
			AwakeInstancesAfterBackupRestoration (10ms)
Platform modules already initialized, skipping
Refreshing native plugins compatible for Editor in 1.77 ms, found 3 plugins.
Preloading 0 native plugins for Editor in 0.00 ms.
Unloading 3362 Unused Serialized files (Serialized files now loaded: 0)
Unloading 20 unused Assets / (80.2 KB). Loaded Objects now: 3896.
Memory consumption went from 121.6 MB to 121.5 MB.
Total: 2.714200 ms (FindLiveObjects: 0.244600 ms CreateObjectMapping: 0.091800 ms MarkObjects: 2.291200 ms  DeleteObjects: 0.085700 ms)

AssetImportParameters requested are different than current active one (requested -> active):
  custom:video-decoder-ogg-theora: a1e56fd34408186e4bbccfd4996cb3dc -> 
  custom:container-muxer-webm: aa71ff27fc2769a1b78a27578f13a17b -> 
  custom:container-demuxer-webm: 4f35f7cbe854078d1ac9338744f61a02 -> 
  custom:video-encoder-webm-vp8: eb34c28f22e8b96e1ab97ce403110664 -> 
  custom:video-codec-MediaFoundation-h265: 746d11721c4dcdbdad8f713fa42b33f4 -> 
  custom:audio-encoder-webm-vorbis: bf7c407c2cedff20999df2af8eb42d56 -> 
  custom:framework-win-MediaFoundation: 216162199b28c13a410421893ffa2e32 -> 
  custom:container-demuxer-ogg: 62fdf1f143b41e24485cea50d1cbac27 -> 
  custom:video-decoder-webm-vp8: 9c59270c3fd7afecdb556c50c9e8de78 -> 
  custom:audio-decoder-ogg-vorbis: bf7c407c2cedff20999df2af8eb42d56 -> 
========================================================================
Received Import Request.
  Time since last request: 60.897133 seconds.
  path: Assets/DreamRoom_Room/prefabs/Cube.prefab
  artifactKey: Guid(33b06b862a68ac54ba08eabb296db6bd) Importer(815301076,1909f56bfc062723c751e8b465ee728b)
Start importing Assets/DreamRoom_Room/prefabs/Cube.prefab using Guid(33b06b862a68ac54ba08eabb296db6bd) Importer(815301076,1909f56bfc062723c751e8b465ee728b)  -> (artifact id: '0396f596f2e5de2f86a15c56f616a7c8') in 0.058799 seconds 
========================================================================
Received Import Request.
  Time since last request: 3.780318 seconds.
  path: Assets/DreamRoom_Room/prefabs/ThreeView.prefab
  artifactKey: Guid(00c6ed762078768459ce25e1c098b31d) Importer(815301076,1909f56bfc062723c751e8b465ee728b)
Start importing Assets/DreamRoom_Room/prefabs/ThreeView.prefab using Guid(00c6ed762078768459ce25e1c098b31d) Importer(815301076,1909f56bfc062723c751e8b465ee728b)  -> (artifact id: '0fa49584a2c6fc9ce0f40bd7e844f9f7') in 0.012676 seconds 
========================================================================
Received Import Request.
  Time since last request: 28.009599 seconds.
  path: Assets/Scripts/Demo/CloudBehaviorTest.cs
  artifactKey: Guid(9a5c5cb849bc94af5b42cf4d1c1ee6b3) Importer(815301076,1909f56bfc062723c751e8b465ee728b)
Start importing Assets/Scripts/Demo/CloudBehaviorTest.cs using Guid(9a5c5cb849bc94af5b42cf4d1c1ee6b3) Importer(815301076,1909f56bfc062723c751e8b465ee728b)  -> (artifact id: '43b88174178259387520494f3609ac67') in 0.002218 seconds 
========================================================================
Received Import Request.
  Time since last request: 0.001672 seconds.
  path: Assets/Scripts/Demo/PortalPhysicsObject.cs
  artifactKey: Guid(7a657e3e5efa94ad39b8b5dcb5eda8a1) Importer(815301076,1909f56bfc062723c751e8b465ee728b)
Start importing Assets/Scripts/Demo/PortalPhysicsObject.cs using Guid(7a657e3e5efa94ad39b8b5dcb5eda8a1) Importer(815301076,1909f56bfc062723c751e8b465ee728b)  -> (artifact id: '43cb3ea785a7bdafd4f040f83e754c6c') in 0.002330 seconds 
========================================================================
Received Import Request.
  Time since last request: 0.003729 seconds.
  path: Assets/DreamRoom_Room/script/CreateCube.cs
  artifactKey: Guid(81b6956b430fe4a49acd0650e4d3520e) Importer(815301076,1909f56bfc062723c751e8b465ee728b)
Start importing Assets/DreamRoom_Room/script/CreateCube.cs using Guid(81b6956b430fe4a49acd0650e4d3520e) Importer(815301076,1909f56bfc062723c751e8b465ee728b)  -> (artifact id: 'e6690f3f4571cef1d97df46f5969896b') in 0.001924 seconds 
========================================================================
Received Import Request.
  Time since last request: 0.001886 seconds.
  path: Assets/Scripts/Demo/CloudCoreTest.cs
  artifactKey: Guid(db15b84628c064d438b71d1239b2e7a5) Importer(815301076,1909f56bfc062723c751e8b465ee728b)
Start importing Assets/Scripts/Demo/CloudCoreTest.cs using Guid(db15b84628c064d438b71d1239b2e7a5) Importer(815301076,1909f56bfc062723c751e8b465ee728b)  -> (artifact id: 'e04e1379f9db622034040f62d2448e0b') in 0.002025 seconds 
========================================================================
Received Import Request.
  Time since last request: 0.001714 seconds.
  path: Assets/DreamRoom_Room/material/M_Tileable_Cube.mat
  artifactKey: Guid(a8b03447fd915f544a1e5d36f740aa0f) Importer(815301076,1909f56bfc062723c751e8b465ee728b)
Start importing Assets/DreamRoom_Room/material/M_Tileable_Cube.mat using Guid(a8b03447fd915f544a1e5d36f740aa0f) Importer(815301076,1909f56bfc062723c751e8b465ee728b)  -> (artifact id: '5121ad378dd80f9e3080a6f3b62ce776') in 0.020290 seconds 
========================================================================
Received Import Request.
  Time since last request: 0.004718 seconds.
  path: Assets/Scripts/Core/CameraUtility.cs
  artifactKey: Guid(e43c024bb46ea4cce9a2be741f27141d) Importer(815301076,1909f56bfc062723c751e8b465ee728b)
Start importing Assets/Scripts/Core/CameraUtility.cs using Guid(e43c024bb46ea4cce9a2be741f27141d) Importer(815301076,1909f56bfc062723c751e8b465ee728b)  -> (artifact id: 'aa5a2d70d98f5a7a94a4b9c0cb9695bf') in 0.002002 seconds 
========================================================================
Received Import Request.
  Time since last request: 0.001752 seconds.
  path: Assets/Scripts/Demo/CloudTest.cs
  artifactKey: Guid(e6dcef977bb824a4c8aa26bde85cd5d2) Importer(815301076,1909f56bfc062723c751e8b465ee728b)
Start importing Assets/Scripts/Demo/CloudTest.cs using Guid(e6dcef977bb824a4c8aa26bde85cd5d2) Importer(815301076,1909f56bfc062723c751e8b465ee728b)  -> (artifact id: 'b7f48ad2fdf68bae7621f6b8e03f8147') in 0.001805 seconds 
========================================================================
Received Import Request.
  Time since last request: 0.005654 seconds.
  path: Assets/Scripts/PostEffectsBase.cs
  artifactKey: Guid(0044219a547dd8d4a9fe868bd38317e8) Importer(815301076,1909f56bfc062723c751e8b465ee728b)
Start importing Assets/Scripts/PostEffectsBase.cs using Guid(0044219a547dd8d4a9fe868bd38317e8) Importer(815301076,1909f56bfc062723c751e8b465ee728b)  -> (artifact id: '8bd69653d411d1ccbaa5458a0c64c83e') in 0.001922 seconds 
========================================================================
Received Import Request.
  Time since last request: 0.001723 seconds.
  path: Assets/Materials/Player.mat
  artifactKey: Guid(8a23a022b7fa3436c9d6bdc0c6ff98e0) Importer(815301076,1909f56bfc062723c751e8b465ee728b)
Start importing Assets/Materials/Player.mat using Guid(8a23a022b7fa3436c9d6bdc0c6ff98e0) Importer(815301076,1909f56bfc062723c751e8b465ee728b)  -> (artifact id: 'a74d2347ec37b8c84b1e9f7f977706ea') in 0.101824 seconds 
========================================================================
Received Import Request.
  Time since last request: 0.005116 seconds.
  path: Assets/Prefabs/Player.prefab
  artifactKey: Guid(5101aee443b6c4e028aae23d799c5fa4) Importer(815301076,1909f56bfc062723c751e8b465ee728b)
Start importing Assets/Prefabs/Player.prefab using Guid(5101aee443b6c4e028aae23d799c5fa4) Importer(815301076,1909f56bfc062723c751e8b465ee728b)  -> (artifact id: 'd2c9e09cd49d603267f020a40b83a019') in 0.008300 seconds 
========================================================================
Received Import Request.
  Time since last request: 0.002333 seconds.
  path: Assets/Scripts/Core/MainCamera.cs
  artifactKey: Guid(1a42331d6ec5746d4960a877e58cfb58) Importer(815301076,1909f56bfc062723c751e8b465ee728b)
Start importing Assets/Scripts/Core/MainCamera.cs using Guid(1a42331d6ec5746d4960a877e58cfb58) Importer(815301076,1909f56bfc062723c751e8b465ee728b)  -> (artifact id: 'b55bef6465fa243258d73005b28d7891') in 0.001779 seconds 
========================================================================
Received Import Request.
  Time since last request: 0.001845 seconds.
  path: Assets/DreamRoom_Room/script/PuzzleGenerate.cs
  artifactKey: Guid(5a66bbc9a61271f408a3de44953a9aaf) Importer(815301076,1909f56bfc062723c751e8b465ee728b)
Start importing Assets/DreamRoom_Room/script/PuzzleGenerate.cs using Guid(5a66bbc9a61271f408a3de44953a9aaf) Importer(815301076,1909f56bfc062723c751e8b465ee728b)  -> (artifact id: '7022e04f892412c30a8a11bdf4fe8e23') in 0.001732 seconds 
========================================================================
Received Import Request.
  Time since last request: 0.003995 seconds.
  path: Assets/Scripts/Core/PortalTraveller.cs
  artifactKey: Guid(906cf3fd207e5450784f73a2d4b57b4c) Importer(815301076,1909f56bfc062723c751e8b465ee728b)
Start importing Assets/Scripts/Core/PortalTraveller.cs using Guid(906cf3fd207e5450784f73a2d4b57b4c) Importer(815301076,1909f56bfc062723c751e8b465ee728b)  -> (artifact id: '41f6d5bcfcd6efaa91748d4c62b034fd') in 0.001801 seconds 
========================================================================
Received Import Request.
  Time since last request: 0.001840 seconds.
  path: Assets/Scripts/Core/Shaders/Slice.shader
  artifactKey: Guid(aaeaf3dc8c9344c5fa572f7789c131cc) Importer(815301076,1909f56bfc062723c751e8b465ee728b)
Start importing Assets/Scripts/Core/Shaders/Slice.shader using Guid(aaeaf3dc8c9344c5fa572f7789c131cc) Importer(815301076,1909f56bfc062723c751e8b465ee728b)  -> (artifact id: 'd4eee7558c2586db3408e6d6edb0831f') in 0.003732 seconds 
========================================================================
Received Import Request.
  Time since last request: 0.001646 seconds.
  path: Assets/Scripts/Demo/FPSController.cs
  artifactKey: Guid(3d6a5ccf8889c4d978067bb5dc639458) Importer(815301076,1909f56bfc062723c751e8b465ee728b)
Start importing Assets/Scripts/Demo/FPSController.cs using Guid(3d6a5ccf8889c4d978067bb5dc639458) Importer(815301076,1909f56bfc062723c751e8b465ee728b)  -> (artifact id: '903238232843681bb929b2fb76376dff') in 0.001819 seconds 
========================================================================
Received Import Request.
  Time since last request: 0.005427 seconds.
  path: Assets/Scripts/Core/Portal.cs
  artifactKey: Guid(57b9885b89b6d4fbe92f77801ecc3671) Importer(815301076,1909f56bfc062723c751e8b465ee728b)
Start importing Assets/Scripts/Core/Portal.cs using Guid(57b9885b89b6d4fbe92f77801ecc3671) Importer(815301076,1909f56bfc062723c751e8b465ee728b)  -> (artifact id: '3fb78934363573e712a239d88beec608') in 0.001983 seconds 
========================================================================
Received Import Request.
  Time since last request: 0.001795 seconds.
  path: Assets/DreamRoom_Room/script/CursorSelect.cs
  artifactKey: Guid(67d853a64df3b1949b43b9ff7a356195) Importer(815301076,1909f56bfc062723c751e8b465ee728b)
Start importing Assets/DreamRoom_Room/script/CursorSelect.cs using Guid(67d853a64df3b1949b43b9ff7a356195) Importer(815301076,1909f56bfc062723c751e8b465ee728b)  -> (artifact id: 'a7c13c13422fa4e41282da4e07881bd2') in 0.001575 seconds 
========================================================================
Received Import Request.
  Time since last request: 0.001676 seconds.
  path: Assets/Scripts/Demo/Car.cs
  artifactKey: Guid(a50f9ca21e14c4977bdcfea060291485) Importer(815301076,1909f56bfc062723c751e8b465ee728b)
Start importing Assets/Scripts/Demo/Car.cs using Guid(a50f9ca21e14c4977bdcfea060291485) Importer(815301076,1909f56bfc062723c751e8b465ee728b)  -> (artifact id: 'ca644248f907fd1fc650cd31548f632a') in 0.001832 seconds 
========================================================================
Received Import Request.
  Time since last request: 0.004636 seconds.
  path: Assets/DreamRoom_Room/textures
  artifactKey: Guid(305b7f359c486454f838c41df0cd6f93) Importer(815301076,1909f56bfc062723c751e8b465ee728b)
Start importing Assets/DreamRoom_Room/textures using Guid(305b7f359c486454f838c41df0cd6f93) Importer(815301076,1909f56bfc062723c751e8b465ee728b)  -> (artifact id: 'ca6f29a61c144ab539c7f53df8f6e3ff') in 0.001539 seconds 
========================================================================
Received Import Request.
  Time since last request: 0.002093 seconds.
  path: Assets/DreamRoom_Room/textures/Gray_Tileable_Demo_Texture.png
  artifactKey: Guid(10f45d2f18d2fd44bb76a84c45dd3117) Importer(815301076,1909f56bfc062723c751e8b465ee728b)
Start importing Assets/DreamRoom_Room/textures/Gray_Tileable_Demo_Texture.png using Guid(10f45d2f18d2fd44bb76a84c45dd3117) Importer(815301076,1909f56bfc062723c751e8b465ee728b)  -> (artifact id: '2980d69f2928b9f5e029f22655775b74') in 0.020212 seconds 
========================================================================
Received Import Request.
  Time since last request: 0.002165 seconds.
  path: Assets/Scripts/Demo/Spawner.cs
  artifactKey: Guid(91c3ad2d65cf94144880d2d4c280d0b0) Importer(815301076,1909f56bfc062723c751e8b465ee728b)
Start importing Assets/Scripts/Demo/Spawner.cs using Guid(91c3ad2d65cf94144880d2d4c280d0b0) Importer(815301076,1909f56bfc062723c751e8b465ee728b)  -> (artifact id: '4857c67257952b9ff8e0ca89fd783aa3') in 0.001990 seconds 
========================================================================
Received Import Request.
  Time since last request: 0.001724 seconds.
  path: Assets/Scripts/FogWithDepthTexture.cs
  artifactKey: Guid(487fa75e9a211f04aad9e19cec12c2c0) Importer(815301076,1909f56bfc062723c751e8b465ee728b)
Start importing Assets/Scripts/FogWithDepthTexture.cs using Guid(487fa75e9a211f04aad9e19cec12c2c0) Importer(815301076,1909f56bfc062723c751e8b465ee728b)  -> (artifact id: '8541e95f38a1e16a1e61310e6c3a4e06') in 0.001802 seconds 
